Flow report for rc4
Fri Jun 13 21:13:15 2025
Quartus Prime Version 16.1.2 Build 203 01/18/2017 SJ Lite Edition


---------------------
; Table of Contents ;
---------------------
  1. Legal Notice
  2. Flow Summary
  3. Flow Settings
  4. Flow Non-Default Global Settings
  5. Flow Elapsed Time
  6. Flow OS Summary
  7. Flow Log
  8. Flow Messages
  9. Flow Suppressed Messages



----------------
; Legal Notice ;
----------------
Copyright (C) 2017  Intel Corporation. All rights reserved.
Your use of Intel Corporation's design tools, logic functions 
and other software and tools, and its AMPP partner logic 
functions, and any output files from any of the foregoing 
(including device programming or simulation files), and any 
associated documentation or information are expressly subject 
to the terms and conditions of the Intel Program License 
Subscription Agreement, the Intel Quartus Prime License Agreement,
the Intel MegaCore Function License Agreement, or other 
applicable license agreement, including, without limitation, 
that your use is for the sole purpose of programming logic 
devices manufactured by Intel and sold by Intel or its 
authorized distributors.  Please refer to the applicable 
agreement for further details.



+-------------------------------------------------------------------------------+
; Flow Summary                                                                  ;
+---------------------------------+---------------------------------------------+
; Flow Status                     ; Successful - Fri Jun 13 21:12:40 2025       ;
; Quartus Prime Version           ; 16.1.2 Build 203 01/18/2017 SJ Lite Edition ;
; Revision Name                   ; rc4                                         ;
; Top-level Entity Name           ; ksa                                         ;
; Family                          ; Cyclone V                                   ;
; Device                          ; 5CSEMA5F31C6                                ;
; Timing Models                   ; Final                                       ;
; Logic utilization (in ALMs)     ; 1,388 / 32,070 ( 4 % )                      ;
; Total registers                 ; 3341                                        ;
; Total pins                      ; 69 / 457 ( 15 % )                           ;
; Total virtual pins              ; 0                                           ;
; Total block memory bits         ; 27,264 / 4,065,280 ( < 1 % )                ;
; Total DSP Blocks                ; 0 / 87 ( 0 % )                              ;
; Total HSSI RX PCSs              ; 0                                           ;
; Total HSSI PMA RX Deserializers ; 0                                           ;
; Total HSSI TX PCSs              ; 0                                           ;
; Total HSSI PMA TX Serializers   ; 0                                           ;
; Total PLLs                      ; 0 / 6 ( 0 % )                               ;
; Total DLLs                      ; 0 / 4 ( 0 % )                               ;
+---------------------------------+---------------------------------------------+


+-----------------------------------------+
; Flow Settings                           ;
+-------------------+---------------------+
; Option            ; Setting             ;
+-------------------+---------------------+
; Start date & time ; 06/13/2025 21:09:07 ;
; Main task         ; Compilation         ;
; Revision Name     ; rc4                 ;
+-------------------+---------------------+


+----------------------------------------------------------------------------------------------------------------------------------------------------------------------------------------------------------------------------------------------------------------------------------------------------------------------------------------------------------------------------------------------------------------------------------------------------------------------------------+
; Flow Non-Default Global Settings                                                                                                                                                                                                                                                                                                                                                                                                                                                 ;
+---------------------------------------------------+------------------------------------------------------------------------------------------------------------------------------------------------------------------------------------------------------------------------------------------------------------------------------------------------------------------------------------------------------------------------+--------------------+-------------+------------------+
; Assignment Name                                   ; Value                                                                                                                                                                                                                                                                                                                                                                  ; Default Value      ; Entity Name ; Section Id       ;
+---------------------------------------------------+------------------------------------------------------------------------------------------------------------------------------------------------------------------------------------------------------------------------------------------------------------------------------------------------------------------------------------------------------------------------+--------------------+-------------+------------------+
; AUTO_RAM_RECOGNITION                              ; Off                                                                                                                                                                                                                                                                                                                                                                    ; On                 ; --          ; --               ;
; AUTO_ROM_RECOGNITION                              ; Off                                                                                                                                                                                                                                                                                                                                                                    ; On                 ; --          ; --               ;
; BLOCK_RAM_AND_MLAB_EQUIVALENT_POWER_UP_CONDITIONS ; Care                                                                                                                                                                                                                                                                                                                                                                   ; Auto               ; --          ; --               ;
; COMPILER_SIGNATURE_ID                             ; 79612762638511.174987414724020                                                                                                                                                                                                                                                                                                                                         ; --                 ; --          ; --               ;
; ENABLE_SIGNALTAP                                  ; On                                                                                                                                                                                                                                                                                                                                                                     ; --                 ; --          ; --               ;
; EXTRACT_VERILOG_STATE_MACHINES                    ; Off                                                                                                                                                                                                                                                                                                                                                                    ; On                 ; --          ; --               ;
; EXTRACT_VHDL_STATE_MACHINES                       ; Off                                                                                                                                                                                                                                                                                                                                                                    ; On                 ; --          ; --               ;
; FITTER_EFFORT                                     ; Standard Fit                                                                                                                                                                                                                                                                                                                                                           ; Auto Fit           ; --          ; --               ;
; MAX_CORE_JUNCTION_TEMP                            ; 85                                                                                                                                                                                                                                                                                                                                                                     ; --                 ; --          ; --               ;
; MIN_CORE_JUNCTION_TEMP                            ; 0                                                                                                                                                                                                                                                                                                                                                                      ; --                 ; --          ; --               ;
; MISC_FILE                                         ; s_memory.cmp                                                                                                                                                                                                                                                                                                                                                           ; --                 ; --          ; --               ;
; MISC_FILE                                         ; d_memory_bb.v                                                                                                                                                                                                                                                                                                                                                          ; --                 ; --          ; --               ;
; MISC_FILE                                         ; d_memory.cmp                                                                                                                                                                                                                                                                                                                                                           ; --                 ; --          ; --               ;
; MISC_FILE                                         ; rom_bb.v                                                                                                                                                                                                                                                                                                                                                               ; --                 ; --          ; --               ;
; MISC_FILE                                         ; rom.cmp                                                                                                                                                                                                                                                                                                                                                                ; --                 ; --          ; --               ;
; OPTIMIZE_POWER_DURING_SYNTHESIS                   ; Off                                                                                                                                                                                                                                                                                                                                                                    ; Normal compilation ; --          ; --               ;
; PARTITION_COLOR                                   ; -- (Not supported for targeted family)                                                                                                                                                                                                                                                                                                                                 ; --                 ; ksa         ; Top              ;
; PARTITION_FITTER_PRESERVATION_LEVEL               ; -- (Not supported for targeted family)                                                                                                                                                                                                                                                                                                                                 ; --                 ; ksa         ; Top              ;
; PARTITION_NETLIST_TYPE                            ; -- (Not supported for targeted family)                                                                                                                                                                                                                                                                                                                                 ; --                 ; ksa         ; Top              ;
; PHYSICAL_SYNTHESIS_EFFORT                         ; Fast                                                                                                                                                                                                                                                                                                                                                                   ; Normal             ; --          ; --               ;
; PHYSICAL_SYNTHESIS_REGISTER_RETIMING              ; On                                                                                                                                                                                                                                                                                                                                                                     ; Off                ; --          ; --               ;
; POWER_BOARD_THERMAL_MODEL                         ; None (CONSERVATIVE)                                                                                                                                                                                                                                                                                                                                                    ; --                 ; --          ; --               ;
; POWER_PRESET_COOLING_SOLUTION                     ; 23 MM HEAT SINK WITH 200 LFPM AIRFLOW                                                                                                                                                                                                                                                                                                                                  ; --                 ; --          ; --               ;
; PROJECT_OUTPUT_DIRECTORY                          ; output_files                                                                                                                                                                                                                                                                                                                                                           ; --                 ; --          ; --               ;
; ROUTER_CLOCKING_TOPOLOGY_ANALYSIS                 ; On                                                                                                                                                                                                                                                                                                                                                                     ; Off                ; --          ; --               ;
; SLD_FILE                                          ; db/stp1_auto_stripped.stp                                                                                                                                                                                                                                                                                                                                              ; --                 ; --          ; --               ;
; SLD_NODE_CREATOR_ID                               ; 110                                                                                                                                                                                                                                                                                                                                                                    ; --                 ; --          ; DecrpytLoopC     ;
; SLD_NODE_CREATOR_ID                               ; 110                                                                                                                                                                                                                                                                                                                                                                    ; --                 ; --          ; auto_signaltap_3 ;
; SLD_NODE_CREATOR_ID                               ; 110                                                                                                                                                                                                                                                                                                                                                                    ; --                 ; --          ; DecryptLoopB     ;
; SLD_NODE_ENTITY_NAME                              ; sld_signaltap                                                                                                                                                                                                                                                                                                                                                          ; --                 ; --          ; DecrpytLoopC     ;
; SLD_NODE_ENTITY_NAME                              ; sld_signaltap                                                                                                                                                                                                                                                                                                                                                          ; --                 ; --          ; auto_signaltap_3 ;
; SLD_NODE_ENTITY_NAME                              ; sld_signaltap                                                                                                                                                                                                                                                                                                                                                          ; --                 ; --          ; DecryptLoopB     ;
; SLD_NODE_PARAMETER_ASSIGNMENT                     ; SLD_RAM_BLOCK_TYPE=AUTO                                                                                                                                                                                                                                                                                                                                                ; --                 ; --          ; DecrpytLoopC     ;
; SLD_NODE_PARAMETER_ASSIGNMENT                     ; SLD_NODE_INFO=805334532                                                                                                                                                                                                                                                                                                                                                ; --                 ; --          ; DecrpytLoopC     ;
; SLD_NODE_PARAMETER_ASSIGNMENT                     ; SLD_POWER_UP_TRIGGER=0                                                                                                                                                                                                                                                                                                                                                 ; --                 ; --          ; DecrpytLoopC     ;
; SLD_NODE_PARAMETER_ASSIGNMENT                     ; SLD_STORAGE_QUALIFIER_INVERSION_MASK_LENGTH=0                                                                                                                                                                                                                                                                                                                          ; --                 ; --          ; DecrpytLoopC     ;
; SLD_NODE_PARAMETER_ASSIGNMENT                     ; SLD_SEGMENT_SIZE=128                                                                                                                                                                                                                                                                                                                                                   ; --                 ; --          ; DecrpytLoopC     ;
; SLD_NODE_PARAMETER_ASSIGNMENT                     ; SLD_ATTRIBUTE_MEM_MODE=OFF                                                                                                                                                                                                                                                                                                                                             ; --                 ; --          ; DecrpytLoopC     ;
; SLD_NODE_PARAMETER_ASSIGNMENT                     ; SLD_STATE_FLOW_USE_GENERATED=0                                                                                                                                                                                                                                                                                                                                         ; --                 ; --          ; DecrpytLoopC     ;
; SLD_NODE_PARAMETER_ASSIGNMENT                     ; SLD_STATE_BITS=11                                                                                                                                                                                                                                                                                                                                                      ; --                 ; --          ; DecrpytLoopC     ;
; SLD_NODE_PARAMETER_ASSIGNMENT                     ; SLD_BUFFER_FULL_STOP=1                                                                                                                                                                                                                                                                                                                                                 ; --                 ; --          ; DecrpytLoopC     ;
; SLD_NODE_PARAMETER_ASSIGNMENT                     ; SLD_CURRENT_RESOURCE_WIDTH=1                                                                                                                                                                                                                                                                                                                                           ; --                 ; --          ; DecrpytLoopC     ;
; SLD_NODE_PARAMETER_ASSIGNMENT                     ; SLD_INCREMENTAL_ROUTING=1                                                                                                                                                                                                                                                                                                                                              ; --                 ; --          ; DecrpytLoopC     ;
; SLD_NODE_PARAMETER_ASSIGNMENT                     ; SLD_TRIGGER_LEVEL=1                                                                                                                                                                                                                                                                                                                                                    ; --                 ; --          ; DecrpytLoopC     ;
; SLD_NODE_PARAMETER_ASSIGNMENT                     ; SLD_SAMPLE_DEPTH=128                                                                                                                                                                                                                                                                                                                                                   ; --                 ; --          ; DecrpytLoopC     ;
; SLD_NODE_PARAMETER_ASSIGNMENT                     ; SLD_TRIGGER_IN_ENABLED=0                                                                                                                                                                                                                                                                                                                                               ; --                 ; --          ; DecrpytLoopC     ;
; SLD_NODE_PARAMETER_ASSIGNMENT                     ; SLD_TRIGGER_PIPELINE=0                                                                                                                                                                                                                                                                                                                                                 ; --                 ; --          ; DecrpytLoopC     ;
; SLD_NODE_PARAMETER_ASSIGNMENT                     ; SLD_RAM_PIPELINE=0                                                                                                                                                                                                                                                                                                                                                     ; --                 ; --          ; DecrpytLoopC     ;
; SLD_NODE_PARAMETER_ASSIGNMENT                     ; SLD_COUNTER_PIPELINE=0                                                                                                                                                                                                                                                                                                                                                 ; --                 ; --          ; DecrpytLoopC     ;
; SLD_NODE_PARAMETER_ASSIGNMENT                     ; SLD_ADVANCED_TRIGGER_ENTITY=basic,1,                                                                                                                                                                                                                                                                                                                                   ; --                 ; --          ; DecrpytLoopC     ;
; SLD_NODE_PARAMETER_ASSIGNMENT                     ; SLD_TRIGGER_LEVEL_PIPELINE=1                                                                                                                                                                                                                                                                                                                                           ; --                 ; --          ; DecrpytLoopC     ;
; SLD_NODE_PARAMETER_ASSIGNMENT                     ; SLD_ENABLE_ADVANCED_TRIGGER=0                                                                                                                                                                                                                                                                                                                                          ; --                 ; --          ; DecrpytLoopC     ;
; SLD_NODE_PARAMETER_ASSIGNMENT                     ; SLD_DATA_BITS=106                                                                                                                                                                                                                                                                                                                                                      ; --                 ; --          ; DecrpytLoopC     ;
; SLD_NODE_PARAMETER_ASSIGNMENT                     ; SLD_TRIGGER_BITS=106                                                                                                                                                                                                                                                                                                                                                   ; --                 ; --          ; DecrpytLoopC     ;
; SLD_NODE_PARAMETER_ASSIGNMENT                     ; SLD_STORAGE_QUALIFIER_BITS=106                                                                                                                                                                                                                                                                                                                                         ; --                 ; --          ; DecrpytLoopC     ;
; SLD_NODE_PARAMETER_ASSIGNMENT                     ; SLD_INVERSION_MASK=000000000000000000000000000000000000000000000000000000000000000000000000000000000000000000000000000000000000000000000000000000000000000000000000000000000000000000000000000000000000000000000000000000000000000000000000000000000000000000000000000000000000000000000000000000000000000000000000000000000000000000000000000000000000000000000000000 ; --                 ; --          ; DecrpytLoopC     ;
; SLD_NODE_PARAMETER_ASSIGNMENT                     ; SLD_INVERSION_MASK_LENGTH=339                                                                                                                                                                                                                                                                                                                                          ; --                 ; --          ; DecrpytLoopC     ;
; SLD_NODE_PARAMETER_ASSIGNMENT                     ; SLD_RAM_BLOCK_TYPE=AUTO                                                                                                                                                                                                                                                                                                                                                ; --                 ; --          ; auto_signaltap_3 ;
; SLD_NODE_PARAMETER_ASSIGNMENT                     ; SLD_DATA_BITS=24                                                                                                                                                                                                                                                                                                                                                       ; --                 ; --          ; auto_signaltap_3 ;
; SLD_NODE_PARAMETER_ASSIGNMENT                     ; SLD_TRIGGER_BITS=24                                                                                                                                                                                                                                                                                                                                                    ; --                 ; --          ; auto_signaltap_3 ;
; SLD_NODE_PARAMETER_ASSIGNMENT                     ; SLD_STORAGE_QUALIFIER_BITS=24                                                                                                                                                                                                                                                                                                                                          ; --                 ; --          ; auto_signaltap_3 ;
; SLD_NODE_PARAMETER_ASSIGNMENT                     ; SLD_NODE_INFO=805334531                                                                                                                                                                                                                                                                                                                                                ; --                 ; --          ; auto_signaltap_3 ;
; SLD_NODE_PARAMETER_ASSIGNMENT                     ; SLD_POWER_UP_TRIGGER=0                                                                                                                                                                                                                                                                                                                                                 ; --                 ; --          ; auto_signaltap_3 ;
; SLD_NODE_PARAMETER_ASSIGNMENT                     ; SLD_INVERSION_MASK=000000000000000000000000000000000000000000000000000000000000000000000000000000000000000000000                                                                                                                                                                                                                                                       ; --                 ; --          ; auto_signaltap_3 ;
; SLD_NODE_PARAMETER_ASSIGNMENT                     ; SLD_INVERSION_MASK_LENGTH=93                                                                                                                                                                                                                                                                                                                                           ; --                 ; --          ; auto_signaltap_3 ;
; SLD_NODE_PARAMETER_ASSIGNMENT                     ; SLD_STORAGE_QUALIFIER_INVERSION_MASK_LENGTH=0                                                                                                                                                                                                                                                                                                                          ; --                 ; --          ; auto_signaltap_3 ;
; SLD_NODE_PARAMETER_ASSIGNMENT                     ; SLD_SEGMENT_SIZE=128                                                                                                                                                                                                                                                                                                                                                   ; --                 ; --          ; auto_signaltap_3 ;
; SLD_NODE_PARAMETER_ASSIGNMENT                     ; SLD_ATTRIBUTE_MEM_MODE=OFF                                                                                                                                                                                                                                                                                                                                             ; --                 ; --          ; auto_signaltap_3 ;
; SLD_NODE_PARAMETER_ASSIGNMENT                     ; SLD_STATE_FLOW_USE_GENERATED=0                                                                                                                                                                                                                                                                                                                                         ; --                 ; --          ; auto_signaltap_3 ;
; SLD_NODE_PARAMETER_ASSIGNMENT                     ; SLD_STATE_BITS=11                                                                                                                                                                                                                                                                                                                                                      ; --                 ; --          ; auto_signaltap_3 ;
; SLD_NODE_PARAMETER_ASSIGNMENT                     ; SLD_BUFFER_FULL_STOP=1                                                                                                                                                                                                                                                                                                                                                 ; --                 ; --          ; auto_signaltap_3 ;
; SLD_NODE_PARAMETER_ASSIGNMENT                     ; SLD_CURRENT_RESOURCE_WIDTH=1                                                                                                                                                                                                                                                                                                                                           ; --                 ; --          ; auto_signaltap_3 ;
; SLD_NODE_PARAMETER_ASSIGNMENT                     ; SLD_INCREMENTAL_ROUTING=1                                                                                                                                                                                                                                                                                                                                              ; --                 ; --          ; auto_signaltap_3 ;
; SLD_NODE_PARAMETER_ASSIGNMENT                     ; SLD_TRIGGER_LEVEL=1                                                                                                                                                                                                                                                                                                                                                    ; --                 ; --          ; auto_signaltap_3 ;
; SLD_NODE_PARAMETER_ASSIGNMENT                     ; SLD_SAMPLE_DEPTH=128                                                                                                                                                                                                                                                                                                                                                   ; --                 ; --          ; auto_signaltap_3 ;
; SLD_NODE_PARAMETER_ASSIGNMENT                     ; SLD_TRIGGER_IN_ENABLED=0                                                                                                                                                                                                                                                                                                                                               ; --                 ; --          ; auto_signaltap_3 ;
; SLD_NODE_PARAMETER_ASSIGNMENT                     ; SLD_TRIGGER_PIPELINE=0                                                                                                                                                                                                                                                                                                                                                 ; --                 ; --          ; auto_signaltap_3 ;
; SLD_NODE_PARAMETER_ASSIGNMENT                     ; SLD_RAM_PIPELINE=0                                                                                                                                                                                                                                                                                                                                                     ; --                 ; --          ; auto_signaltap_3 ;
; SLD_NODE_PARAMETER_ASSIGNMENT                     ; SLD_COUNTER_PIPELINE=0                                                                                                                                                                                                                                                                                                                                                 ; --                 ; --          ; auto_signaltap_3 ;
; SLD_NODE_PARAMETER_ASSIGNMENT                     ; SLD_ADVANCED_TRIGGER_ENTITY=basic,1,                                                                                                                                                                                                                                                                                                                                   ; --                 ; --          ; auto_signaltap_3 ;
; SLD_NODE_PARAMETER_ASSIGNMENT                     ; SLD_TRIGGER_LEVEL_PIPELINE=1                                                                                                                                                                                                                                                                                                                                           ; --                 ; --          ; auto_signaltap_3 ;
; SLD_NODE_PARAMETER_ASSIGNMENT                     ; SLD_ENABLE_ADVANCED_TRIGGER=0                                                                                                                                                                                                                                                                                                                                          ; --                 ; --          ; auto_signaltap_3 ;
; SLD_NODE_PARAMETER_ASSIGNMENT                     ; SLD_RAM_BLOCK_TYPE=AUTO                                                                                                                                                                                                                                                                                                                                                ; --                 ; --          ; DecryptLoopB     ;
; SLD_NODE_PARAMETER_ASSIGNMENT                     ; SLD_DATA_BITS=35                                                                                                                                                                                                                                                                                                                                                       ; --                 ; --          ; DecryptLoopB     ;
; SLD_NODE_PARAMETER_ASSIGNMENT                     ; SLD_TRIGGER_BITS=35                                                                                                                                                                                                                                                                                                                                                    ; --                 ; --          ; DecryptLoopB     ;
; SLD_NODE_PARAMETER_ASSIGNMENT                     ; SLD_STORAGE_QUALIFIER_BITS=35                                                                                                                                                                                                                                                                                                                                          ; --                 ; --          ; DecryptLoopB     ;
; SLD_NODE_PARAMETER_ASSIGNMENT                     ; SLD_NODE_INFO=805334530                                                                                                                                                                                                                                                                                                                                                ; --                 ; --          ; DecryptLoopB     ;
; SLD_NODE_PARAMETER_ASSIGNMENT                     ; SLD_POWER_UP_TRIGGER=0                                                                                                                                                                                                                                                                                                                                                 ; --                 ; --          ; DecryptLoopB     ;
; SLD_NODE_PARAMETER_ASSIGNMENT                     ; SLD_INVERSION_MASK=000000000000000000000000000000000000000000000000000000000000000000000000000000000000000000000000000000000000000000000000000000                                                                                                                                                                                                                      ; --                 ; --          ; DecryptLoopB     ;
; SLD_NODE_PARAMETER_ASSIGNMENT                     ; SLD_INVERSION_MASK_LENGTH=126                                                                                                                                                                                                                                                                                                                                          ; --                 ; --          ; DecryptLoopB     ;
; SLD_NODE_PARAMETER_ASSIGNMENT                     ; SLD_STORAGE_QUALIFIER_INVERSION_MASK_LENGTH=0                                                                                                                                                                                                                                                                                                                          ; --                 ; --          ; DecryptLoopB     ;
; SLD_NODE_PARAMETER_ASSIGNMENT                     ; SLD_SEGMENT_SIZE=128                                                                                                                                                                                                                                                                                                                                                   ; --                 ; --          ; DecryptLoopB     ;
; SLD_NODE_PARAMETER_ASSIGNMENT                     ; SLD_ATTRIBUTE_MEM_MODE=OFF                                                                                                                                                                                                                                                                                                                                             ; --                 ; --          ; DecryptLoopB     ;
; SLD_NODE_PARAMETER_ASSIGNMENT                     ; SLD_STATE_FLOW_USE_GENERATED=0                                                                                                                                                                                                                                                                                                                                         ; --                 ; --          ; DecryptLoopB     ;
; SLD_NODE_PARAMETER_ASSIGNMENT                     ; SLD_STATE_BITS=11                                                                                                                                                                                                                                                                                                                                                      ; --                 ; --          ; DecryptLoopB     ;
; SLD_NODE_PARAMETER_ASSIGNMENT                     ; SLD_BUFFER_FULL_STOP=1                                                                                                                                                                                                                                                                                                                                                 ; --                 ; --          ; DecryptLoopB     ;
; SLD_NODE_PARAMETER_ASSIGNMENT                     ; SLD_CURRENT_RESOURCE_WIDTH=1                                                                                                                                                                                                                                                                                                                                           ; --                 ; --          ; DecryptLoopB     ;
; SLD_NODE_PARAMETER_ASSIGNMENT                     ; SLD_INCREMENTAL_ROUTING=1                                                                                                                                                                                                                                                                                                                                              ; --                 ; --          ; DecryptLoopB     ;
; SLD_NODE_PARAMETER_ASSIGNMENT                     ; SLD_TRIGGER_LEVEL=1                                                                                                                                                                                                                                                                                                                                                    ; --                 ; --          ; DecryptLoopB     ;
; SLD_NODE_PARAMETER_ASSIGNMENT                     ; SLD_SAMPLE_DEPTH=128                                                                                                                                                                                                                                                                                                                                                   ; --                 ; --          ; DecryptLoopB     ;
; SLD_NODE_PARAMETER_ASSIGNMENT                     ; SLD_TRIGGER_IN_ENABLED=0                                                                                                                                                                                                                                                                                                                                               ; --                 ; --          ; DecryptLoopB     ;
; SLD_NODE_PARAMETER_ASSIGNMENT                     ; SLD_TRIGGER_PIPELINE=0                                                                                                                                                                                                                                                                                                                                                 ; --                 ; --          ; DecryptLoopB     ;
; SLD_NODE_PARAMETER_ASSIGNMENT                     ; SLD_RAM_PIPELINE=0                                                                                                                                                                                                                                                                                                                                                     ; --                 ; --          ; DecryptLoopB     ;
; SLD_NODE_PARAMETER_ASSIGNMENT                     ; SLD_COUNTER_PIPELINE=0                                                                                                                                                                                                                                                                                                                                                 ; --                 ; --          ; DecryptLoopB     ;
; SLD_NODE_PARAMETER_ASSIGNMENT                     ; SLD_ADVANCED_TRIGGER_ENTITY=basic,1,                                                                                                                                                                                                                                                                                                                                   ; --                 ; --          ; DecryptLoopB     ;
; SLD_NODE_PARAMETER_ASSIGNMENT                     ; SLD_TRIGGER_LEVEL_PIPELINE=1                                                                                                                                                                                                                                                                                                                                           ; --                 ; --          ; DecryptLoopB     ;
; SLD_NODE_PARAMETER_ASSIGNMENT                     ; SLD_ENABLE_ADVANCED_TRIGGER=0                                                                                                                                                                                                                                                                                                                                          ; --                 ; --          ; DecryptLoopB     ;
; SYNCHRONIZATION_REGISTER_CHAIN_LENGTH             ; 2                                                                                                                                                                                                                                                                                                                                                                      ; 3                  ; --          ; --               ;
; TOP_LEVEL_ENTITY                                  ; ksa                                                                                                                                                                                                                                                                                                                                                                    ; rc4                ; --          ; --               ;
; USE_SIGNALTAP_FILE                                ; output_files/stp1.stp                                                                                                                                                                                                                                                                                                                                                  ; --                 ; --          ; --               ;
; VERILOG_INPUT_VERSION                             ; SystemVerilog_2005                                                                                                                                                                                                                                                                                                                                                     ; Verilog_2001       ; --          ; --               ;
; VERILOG_NON_CONSTANT_LOOP_LIMIT                   ; 5000                                                                                                                                                                                                                                                                                                                                                                   ; 250                ; --          ; --               ;
; VERILOG_SHOW_LMF_MAPPING_MESSAGES                 ; Off                                                                                                                                                                                                                                                                                                                                                                    ; --                 ; --          ; --               ;
+---------------------------------------------------+------------------------------------------------------------------------------------------------------------------------------------------------------------------------------------------------------------------------------------------------------------------------------------------------------------------------------------------------------------------------+--------------------+-------------+------------------+


+-------------------------------------------------------------------------------------------------------------------------------+
; Flow Elapsed Time                                                                                                             ;
+---------------------------+--------------+-------------------------+---------------------+------------------------------------+
; Module Name               ; Elapsed Time ; Average Processors Used ; Peak Virtual Memory ; Total CPU Time (on all processors) ;
+---------------------------+--------------+-------------------------+---------------------+------------------------------------+
; Analysis & Synthesis      ; 00:00:30     ; 1.0                     ; 5037 MB             ; 00:00:50                           ;
; Fitter                    ; 00:02:51     ; 1.2                     ; 7943 MB             ; 00:17:40                           ;
; Assembler                 ; 00:00:07     ; 1.0                     ; 4862 MB             ; 00:00:07                           ;
; TimeQuest Timing Analyzer ; 00:00:34     ; 1.4                     ; 5382 MB             ; 00:00:45                           ;
; Total                     ; 00:04:02     ; --                      ; --                  ; 00:19:22                           ;
+---------------------------+--------------+-------------------------+---------------------+------------------------------------+


+-----------------------------------------------------------------------------------------+
; Flow OS Summary                                                                         ;
+---------------------------+------------------+------------+------------+----------------+
; Module Name               ; Machine Hostname ; OS Name    ; OS Version ; Processor type ;
+---------------------------+------------------+------------+------------+----------------+
; Analysis & Synthesis      ; LAPTOP-K3G76MBM  ; Windows 10 ; 10.0       ; x86_64         ;
; Fitter                    ; LAPTOP-K3G76MBM  ; Windows 10 ; 10.0       ; x86_64         ;
; Assembler                 ; LAPTOP-K3G76MBM  ; Windows 10 ; 10.0       ; x86_64         ;
; TimeQuest Timing Analyzer ; LAPTOP-K3G76MBM  ; Windows 10 ; 10.0       ; x86_64         ;
+---------------------------+------------------+------------+------------+----------------+


------------
; Flow Log ;
------------
quartus_map --read_settings_files=on --write_settings_files=off rc4 -c rc4
quartus_fit --read_settings_files=off --write_settings_files=off rc4 -c rc4
quartus_asm --read_settings_files=off --write_settings_files=off rc4 -c rc4
quartus_sta rc4 -c rc4



